<?xml version="1.0" encoding="UTF-8"?>
<!-- Generated by org.testng.reporters.JUnitReportReporter -->
<testsuite hostname="Lluiss-MacBook-Pro.local" failures="0" tests="1" name="TestYoutube" time="28.079" errors="0" timestamp="2024-03-19T16:56:02 CET" skipped="0">
  <testcase classname="TestYoutube" name="testPlayMyFavoriteMusicOnYouTube" time="28.079"/>
  <system-out/>
</testsuite> <!-- TestYoutube -->
